nohup: ignoring input
2026-03-24 17:33:25,843 - __main__ - INFO - Starting Telegram bot...
2026-03-24 17:33:29,875 - httpx - INFO - HTTP Request: POST https://api.telegram.org/bot8392871206:AAGxV445kKZUDQr2pOq6Wt-iIxRFdX47k8M/getMe "HTTP/1.1 200 OK"
2026-03-24 17:33:29,999 - httpx - INFO - HTTP Request: POST https://api.telegram.org/bot8392871206:AAGxV445kKZUDQr2pOq6Wt-iIxRFdX47k8M/deleteWebhook "HTTP/1.1 200 OK"
2026-03-24 17:33:30,004 - telegram.ext.Application - INFO - Application started
2026-03-24 17:33:40,923 - httpx - INFO - HTTP Request: POST https://api.telegram.org/bot8392871206:AAGxV445kKZUDQr2pOq6Wt-iIxRFdX47k8M/getUpdates "HTTP/1.1 200 OK"
2026-03-24 17:33:42,489 - httpx - INFO - HTTP Request: POST https://api.telegram.org/bot8392871206:AAGxV445kKZUDQr2pOq6Wt-iIxRFdX47k8M/getUpdates "HTTP/1.1 200 OK"
2026-03-24 17:33:43,064 - httpx - INFO - HTTP Request: POST https://api.telegram.org/bot8392871206:AAGxV445kKZUDQr2pOq6Wt-iIxRFdX47k8M/sendMessage "HTTP/1.1 200 OK"
2026-03-24 17:33:50,695 - httpx - INFO - HTTP Request: POST https://api.telegram.org/bot8392871206:AAGxV445kKZUDQr2pOq6Wt-iIxRFdX47k8M/getUpdates "HTTP/1.1 200 OK"
2026-03-24 17:33:52,646 - httpx - INFO - HTTP Request: POST https://api.telegram.org/bot8392871206:AAGxV445kKZUDQr2pOq6Wt-iIxRFdX47k8M/sendMessage "HTTP/1.1 200 OK"
2026-03-24 17:34:00,796 - httpx - INFO - HTTP Request: POST https://api.telegram.org/bot8392871206:AAGxV445kKZUDQr2pOq6Wt-iIxRFdX47k8M/getUpdates "HTTP/1.1 200 OK"
2026-03-24 17:34:10,932 - httpx - INFO - HTTP Request: POST https://api.telegram.org/bot8392871206:AAGxV445kKZUDQr2pOq6Wt-iIxRFdX47k8M/getUpdates "HTTP/1.1 200 OK"
2026-03-24 17:34:21,030 - httpx - INFO - HTTP Request: POST https://api.telegram.org/bot8392871206:AAGxV445kKZUDQr2pOq6Wt-iIxRFdX47k8M/getUpdates "HTTP/1.1 200 OK"
2026-03-24 17:34:27,123 - httpx - INFO - HTTP Request: POST https://api.telegram.org/bot8392871206:AAGxV445kKZUDQr2pOq6Wt-iIxRFdX47k8M/getUpdates "HTTP/1.1 200 OK"
2026-03-24 17:34:27,219 - httpx - INFO - HTTP Request: GET http://localhost:42002/items/ "HTTP/1.1 200 OK"
2026-03-24 17:34:27,950 - httpx - INFO - HTTP Request: POST https://api.telegram.org/bot8392871206:AAGxV445kKZUDQr2pOq6Wt-iIxRFdX47k8M/sendMessage "HTTP/1.1 200 OK"
2026-03-24 17:34:34,462 - httpx - INFO - HTTP Request: POST https://api.telegram.org/bot8392871206:AAGxV445kKZUDQr2pOq6Wt-iIxRFdX47k8M/getUpdates "HTTP/1.1 200 OK"
2026-03-24 17:34:34,472 - httpx - INFO - HTTP Request: GET http://localhost:42002/items/ "HTTP/1.1 200 OK"
2026-03-24 17:34:35,375 - httpx - INFO - HTTP Request: POST https://api.telegram.org/bot8392871206:AAGxV445kKZUDQr2pOq6Wt-iIxRFdX47k8M/sendMessage "HTTP/1.1 200 OK"
2026-03-24 17:34:44,574 - httpx - INFO - HTTP Request: POST https://api.telegram.org/bot8392871206:AAGxV445kKZUDQr2pOq6Wt-iIxRFdX47k8M/getUpdates "HTTP/1.1 200 OK"
2026-03-24 17:34:47,702 - httpx - INFO - HTTP Request: POST https://api.telegram.org/bot8392871206:AAGxV445kKZUDQr2pOq6Wt-iIxRFdX47k8M/getUpdates "HTTP/1.1 200 OK"
2026-03-24 17:34:48,206 - httpx - INFO - HTTP Request: POST https://api.telegram.org/bot8392871206:AAGxV445kKZUDQr2pOq6Wt-iIxRFdX47k8M/sendMessage "HTTP/1.1 200 OK"
2026-03-24 17:34:57,857 - httpx - INFO - HTTP Request: POST https://api.telegram.org/bot8392871206:AAGxV445kKZUDQr2pOq6Wt-iIxRFdX47k8M/getUpdates "HTTP/1.1 200 OK"
2026-03-24 17:35:07,965 - httpx - INFO - HTTP Request: POST https://api.telegram.org/bot8392871206:AAGxV445kKZUDQr2pOq6Wt-iIxRFdX47k8M/getUpdates "HTTP/1.1 200 OK"
2026-03-24 17:35:09,758 - httpx - INFO - HTTP Request: POST https://api.telegram.org/bot8392871206:AAGxV445kKZUDQr2pOq6Wt-iIxRFdX47k8M/getUpdates "HTTP/1.1 200 OK"
2026-03-24 17:35:09,787 - httpx - INFO - HTTP Request: GET http://localhost:42002/analytics/pass-rates?lab=lab%205 "HTTP/1.1 200 OK"
2026-03-24 17:35:10,347 - httpx - INFO - HTTP Request: POST https://api.telegram.org/bot8392871206:AAGxV445kKZUDQr2pOq6Wt-iIxRFdX47k8M/sendMessage "HTTP/1.1 200 OK"
2026-03-24 17:35:19,894 - httpx - INFO - HTTP Request: POST https://api.telegram.org/bot8392871206:AAGxV445kKZUDQr2pOq6Wt-iIxRFdX47k8M/getUpdates "HTTP/1.1 200 OK"
2026-03-24 17:35:28,125 - httpx - INFO - HTTP Request: POST https://api.telegram.org/bot8392871206:AAGxV445kKZUDQr2pOq6Wt-iIxRFdX47k8M/getUpdates "HTTP/1.1 200 OK"
2026-03-24 17:35:28,174 - httpx - INFO - HTTP Request: GET http://localhost:42002/analytics/pass-rates?lab=lab-05 "HTTP/1.1 200 OK"
2026-03-24 17:35:28,963 - httpx - INFO - HTTP Request: POST https://api.telegram.org/bot8392871206:AAGxV445kKZUDQr2pOq6Wt-iIxRFdX47k8M/sendMessage "HTTP/1.1 200 OK"
2026-03-24 17:35:38,284 - httpx - INFO - HTTP Request: POST https://api.telegram.org/bot8392871206:AAGxV445kKZUDQr2pOq6Wt-iIxRFdX47k8M/getUpdates "HTTP/1.1 200 OK"
2026-03-24 17:35:48,387 - httpx - INFO - HTTP Request: POST https://api.telegram.org/bot8392871206:AAGxV445kKZUDQr2pOq6Wt-iIxRFdX47k8M/getUpdates "HTTP/1.1 200 OK"
2026-03-24 17:35:58,481 - httpx - INFO - HTTP Request: POST https://api.telegram.org/bot8392871206:AAGxV445kKZUDQr2pOq6Wt-iIxRFdX47k8M/getUpdates "HTTP/1.1 200 OK"
2026-03-24 17:36:08,587 - httpx - INFO - HTTP Request: POST https://api.telegram.org/bot8392871206:AAGxV445kKZUDQr2pOq6Wt-iIxRFdX47k8M/getUpdates "HTTP/1.1 200 OK"
2026-03-24 17:36:18,682 - httpx - INFO - HTTP Request: POST https://api.telegram.org/bot8392871206:AAGxV445kKZUDQr2pOq6Wt-iIxRFdX47k8M/getUpdates "HTTP/1.1 200 OK"
2026-03-24 17:36:28,790 - httpx - INFO - HTTP Request: POST https://api.telegram.org/bot8392871206:AAGxV445kKZUDQr2pOq6Wt-iIxRFdX47k8M/getUpdates "HTTP/1.1 200 OK"
2026-03-24 17:36:38,899 - httpx - INFO - HTTP Request: POST https://api.telegram.org/bot8392871206:AAGxV445kKZUDQr2pOq6Wt-iIxRFdX47k8M/getUpdates "HTTP/1.1 200 OK"
2026-03-24 17:36:49,017 - httpx - INFO - HTTP Request: POST https://api.telegram.org/bot8392871206:AAGxV445kKZUDQr2pOq6Wt-iIxRFdX47k8M/getUpdates "HTTP/1.1 200 OK"
2026-03-24 17:36:59,122 - httpx - INFO - HTTP Request: POST https://api.telegram.org/bot8392871206:AAGxV445kKZUDQr2pOq6Wt-iIxRFdX47k8M/getUpdates "HTTP/1.1 200 OK"
2026-03-24 17:37:09,226 - httpx - INFO - HTTP Request: POST https://api.telegram.org/bot8392871206:AAGxV445kKZUDQr2pOq6Wt-iIxRFdX47k8M/getUpdates "HTTP/1.1 200 OK"
2026-03-24 17:37:19,345 - httpx - INFO - HTTP Request: POST https://api.telegram.org/bot8392871206:AAGxV445kKZUDQr2pOq6Wt-iIxRFdX47k8M/getUpdates "HTTP/1.1 200 OK"
2026-03-24 17:37:29,457 - httpx - INFO - HTTP Request: POST https://api.telegram.org/bot8392871206:AAGxV445kKZUDQr2pOq6Wt-iIxRFdX47k8M/getUpdates "HTTP/1.1 200 OK"
2026-03-24 17:37:39,572 - httpx - INFO - HTTP Request: POST https://api.telegram.org/bot8392871206:AAGxV445kKZUDQr2pOq6Wt-iIxRFdX47k8M/getUpdates "HTTP/1.1 200 OK"
2026-03-24 17:37:49,672 - httpx - INFO - HTTP Request: POST https://api.telegram.org/bot8392871206:AAGxV445kKZUDQr2pOq6Wt-iIxRFdX47k8M/getUpdates "HTTP/1.1 200 OK"
2026-03-24 17:37:59,825 - httpx - INFO - HTTP Request: POST https://api.telegram.org/bot8392871206:AAGxV445kKZUDQr2pOq6Wt-iIxRFdX47k8M/getUpdates "HTTP/1.1 200 OK"
2026-03-24 17:38:09,924 - httpx - INFO - HTTP Request: POST https://api.telegram.org/bot8392871206:AAGxV445kKZUDQr2pOq6Wt-iIxRFdX47k8M/getUpdates "HTTP/1.1 200 OK"
2026-03-24 17:38:20,019 - httpx - INFO - HTTP Request: POST https://api.telegram.org/bot8392871206:AAGxV445kKZUDQr2pOq6Wt-iIxRFdX47k8M/getUpdates "HTTP/1.1 200 OK"
2026-03-24 17:38:30,118 - httpx - INFO - HTTP Request: POST https://api.telegram.org/bot8392871206:AAGxV445kKZUDQr2pOq6Wt-iIxRFdX47k8M/getUpdates "HTTP/1.1 200 OK"
2026-03-24 17:38:40,212 - httpx - INFO - HTTP Request: POST https://api.telegram.org/bot8392871206:AAGxV445kKZUDQr2pOq6Wt-iIxRFdX47k8M/getUpdates "HTTP/1.1 200 OK"
2026-03-24 17:38:50,365 - httpx - INFO - HTTP Request: POST https://api.telegram.org/bot8392871206:AAGxV445kKZUDQr2pOq6Wt-iIxRFdX47k8M/getUpdates "HTTP/1.1 200 OK"
2026-03-24 17:39:00,780 - httpx - INFO - HTTP Request: POST https://api.telegram.org/bot8392871206:AAGxV445kKZUDQr2pOq6Wt-iIxRFdX47k8M/getUpdates "HTTP/1.1 200 OK"
2026-03-24 17:39:10,930 - httpx - INFO - HTTP Request: POST https://api.telegram.org/bot8392871206:AAGxV445kKZUDQr2pOq6Wt-iIxRFdX47k8M/getUpdates "HTTP/1.1 200 OK"
2026-03-24 17:39:21,032 - httpx - INFO - HTTP Request: POST https://api.telegram.org/bot8392871206:AAGxV445kKZUDQr2pOq6Wt-iIxRFdX47k8M/getUpdates "HTTP/1.1 200 OK"
2026-03-24 17:39:31,127 - httpx - INFO - HTTP Request: POST https://api.telegram.org/bot8392871206:AAGxV445kKZUDQr2pOq6Wt-iIxRFdX47k8M/getUpdates "HTTP/1.1 200 OK"
2026-03-24 17:39:41,273 - httpx - INFO - HTTP Request: POST https://api.telegram.org/bot8392871206:AAGxV445kKZUDQr2pOq6Wt-iIxRFdX47k8M/getUpdates "HTTP/1.1 200 OK"
2026-03-24 17:39:51,401 - httpx - INFO - HTTP Request: POST https://api.telegram.org/bot8392871206:AAGxV445kKZUDQr2pOq6Wt-iIxRFdX47k8M/getUpdates "HTTP/1.1 200 OK"
2026-03-24 17:40:01,510 - httpx - INFO - HTTP Request: POST https://api.telegram.org/bot8392871206:AAGxV445kKZUDQr2pOq6Wt-iIxRFdX47k8M/getUpdates "HTTP/1.1 200 OK"
2026-03-24 17:40:11,630 - httpx - INFO - HTTP Request: POST https://api.telegram.org/bot8392871206:AAGxV445kKZUDQr2pOq6Wt-iIxRFdX47k8M/getUpdates "HTTP/1.1 200 OK"
2026-03-24 17:40:21,784 - httpx - INFO - HTTP Request: POST https://api.telegram.org/bot8392871206:AAGxV445kKZUDQr2pOq6Wt-iIxRFdX47k8M/getUpdates "HTTP/1.1 200 OK"
2026-03-24 17:40:31,892 - httpx - INFO - HTTP Request: POST https://api.telegram.org/bot8392871206:AAGxV445kKZUDQr2pOq6Wt-iIxRFdX47k8M/getUpdates "HTTP/1.1 200 OK"
2026-03-24 17:40:42,027 - httpx - INFO - HTTP Request: POST https://api.telegram.org/bot8392871206:AAGxV445kKZUDQr2pOq6Wt-iIxRFdX47k8M/getUpdates "HTTP/1.1 200 OK"
2026-03-24 17:40:52,117 - httpx - INFO - HTTP Request: POST https://api.telegram.org/bot8392871206:AAGxV445kKZUDQr2pOq6Wt-iIxRFdX47k8M/getUpdates "HTTP/1.1 200 OK"
2026-03-24 17:41:02,209 - httpx - INFO - HTTP Request: POST https://api.telegram.org/bot8392871206:AAGxV445kKZUDQr2pOq6Wt-iIxRFdX47k8M/getUpdates "HTTP/1.1 200 OK"
2026-03-24 17:41:12,300 - httpx - INFO - HTTP Request: POST https://api.telegram.org/bot8392871206:AAGxV445kKZUDQr2pOq6Wt-iIxRFdX47k8M/getUpdates "HTTP/1.1 200 OK"
2026-03-24 17:41:22,389 - httpx - INFO - HTTP Request: POST https://api.telegram.org/bot8392871206:AAGxV445kKZUDQr2pOq6Wt-iIxRFdX47k8M/getUpdates "HTTP/1.1 200 OK"
2026-03-24 17:41:32,478 - httpx - INFO - HTTP Request: POST https://api.telegram.org/bot8392871206:AAGxV445kKZUDQr2pOq6Wt-iIxRFdX47k8M/getUpdates "HTTP/1.1 200 OK"
2026-03-24 17:41:42,595 - httpx - INFO - HTTP Request: POST https://api.telegram.org/bot8392871206:AAGxV445kKZUDQr2pOq6Wt-iIxRFdX47k8M/getUpdates "HTTP/1.1 200 OK"
2026-03-24 17:41:52,744 - httpx - INFO - HTTP Request: POST https://api.telegram.org/bot8392871206:AAGxV445kKZUDQr2pOq6Wt-iIxRFdX47k8M/getUpdates "HTTP/1.1 200 OK"
2026-03-24 17:42:03,203 - httpx - INFO - HTTP Request: POST https://api.telegram.org/bot8392871206:AAGxV445kKZUDQr2pOq6Wt-iIxRFdX47k8M/getUpdates "HTTP/1.1 200 OK"
2026-03-24 17:42:13,301 - httpx - INFO - HTTP Request: POST https://api.telegram.org/bot8392871206:AAGxV445kKZUDQr2pOq6Wt-iIxRFdX47k8M/getUpdates "HTTP/1.1 200 OK"
2026-03-24 17:42:23,692 - httpx - INFO - HTTP Request: POST https://api.telegram.org/bot8392871206:AAGxV445kKZUDQr2pOq6Wt-iIxRFdX47k8M/getUpdates "HTTP/1.1 200 OK"
2026-03-24 17:42:33,798 - httpx - INFO - HTTP Request: POST https://api.telegram.org/bot8392871206:AAGxV445kKZUDQr2pOq6Wt-iIxRFdX47k8M/getUpdates "HTTP/1.1 200 OK"
2026-03-24 17:42:44,187 - httpx - INFO - HTTP Request: POST https://api.telegram.org/bot8392871206:AAGxV445kKZUDQr2pOq6Wt-iIxRFdX47k8M/getUpdates "HTTP/1.1 200 OK"
2026-03-24 17:42:54,304 - httpx - INFO - HTTP Request: POST https://api.telegram.org/bot8392871206:AAGxV445kKZUDQr2pOq6Wt-iIxRFdX47k8M/getUpdates "HTTP/1.1 200 OK"
2026-03-24 17:43:04,428 - httpx - INFO - HTTP Request: POST https://api.telegram.org/bot8392871206:AAGxV445kKZUDQr2pOq6Wt-iIxRFdX47k8M/getUpdates "HTTP/1.1 200 OK"
2026-03-24 17:43:14,586 - httpx - INFO - HTTP Request: POST https://api.telegram.org/bot8392871206:AAGxV445kKZUDQr2pOq6Wt-iIxRFdX47k8M/getUpdates "HTTP/1.1 200 OK"
2026-03-24 17:43:24,687 - httpx - INFO - HTTP Request: POST https://api.telegram.org/bot8392871206:AAGxV445kKZUDQr2pOq6Wt-iIxRFdX47k8M/getUpdates "HTTP/1.1 200 OK"
2026-03-24 17:43:34,784 - httpx - INFO - HTTP Request: POST https://api.telegram.org/bot8392871206:AAGxV445kKZUDQr2pOq6Wt-iIxRFdX47k8M/getUpdates "HTTP/1.1 200 OK"
2026-03-24 17:43:44,876 - httpx - INFO - HTTP Request: POST https://api.telegram.org/bot8392871206:AAGxV445kKZUDQr2pOq6Wt-iIxRFdX47k8M/getUpdates "HTTP/1.1 200 OK"
2026-03-24 17:43:54,965 - httpx - INFO - HTTP Request: POST https://api.telegram.org/bot8392871206:AAGxV445kKZUDQr2pOq6Wt-iIxRFdX47k8M/getUpdates "HTTP/1.1 200 OK"
2026-03-24 17:44:05,062 - httpx - INFO - HTTP Request: POST https://api.telegram.org/bot8392871206:AAGxV445kKZUDQr2pOq6Wt-iIxRFdX47k8M/getUpdates "HTTP/1.1 200 OK"
2026-03-24 17:44:15,157 - httpx - INFO - HTTP Request: POST https://api.telegram.org/bot8392871206:AAGxV445kKZUDQr2pOq6Wt-iIxRFdX47k8M/getUpdates "HTTP/1.1 200 OK"
2026-03-24 17:44:25,265 - httpx - INFO - HTTP Request: POST https://api.telegram.org/bot8392871206:AAGxV445kKZUDQr2pOq6Wt-iIxRFdX47k8M/getUpdates "HTTP/1.1 200 OK"
2026-03-24 17:44:35,411 - httpx - INFO - HTTP Request: POST https://api.telegram.org/bot8392871206:AAGxV445kKZUDQr2pOq6Wt-iIxRFdX47k8M/getUpdates "HTTP/1.1 200 OK"
2026-03-24 17:44:45,540 - httpx - INFO - HTTP Request: POST https://api.telegram.org/bot8392871206:AAGxV445kKZUDQr2pOq6Wt-iIxRFdX47k8M/getUpdates "HTTP/1.1 200 OK"
2026-03-24 17:44:55,698 - httpx - INFO - HTTP Request: POST https://api.telegram.org/bot8392871206:AAGxV445kKZUDQr2pOq6Wt-iIxRFdX47k8M/getUpdates "HTTP/1.1 200 OK"
2026-03-24 17:45:05,802 - httpx - INFO - HTTP Request: POST https://api.telegram.org/bot8392871206:AAGxV445kKZUDQr2pOq6Wt-iIxRFdX47k8M/getUpdates "HTTP/1.1 200 OK"
2026-03-24 17:45:15,964 - httpx - INFO - HTTP Request: POST https://api.telegram.org/bot8392871206:AAGxV445kKZUDQr2pOq6Wt-iIxRFdX47k8M/getUpdates "HTTP/1.1 200 OK"
2026-03-24 17:45:26,066 - httpx - INFO - HTTP Request: POST https://api.telegram.org/bot8392871206:AAGxV445kKZUDQr2pOq6Wt-iIxRFdX47k8M/getUpdates "HTTP/1.1 200 OK"
2026-03-24 17:45:36,166 - httpx - INFO - HTTP Request: POST https://api.telegram.org/bot8392871206:AAGxV445kKZUDQr2pOq6Wt-iIxRFdX47k8M/getUpdates "HTTP/1.1 200 OK"
2026-03-24 17:45:46,644 - httpx - INFO - HTTP Request: POST https://api.telegram.org/bot8392871206:AAGxV445kKZUDQr2pOq6Wt-iIxRFdX47k8M/getUpdates "HTTP/1.1 200 OK"
2026-03-24 17:45:56,787 - httpx - INFO - HTTP Request: POST https://api.telegram.org/bot8392871206:AAGxV445kKZUDQr2pOq6Wt-iIxRFdX47k8M/getUpdates "HTTP/1.1 200 OK"
2026-03-24 17:46:06,940 - httpx - INFO - HTTP Request: POST https://api.telegram.org/bot8392871206:AAGxV445kKZUDQr2pOq6Wt-iIxRFdX47k8M/getUpdates "HTTP/1.1 200 OK"
2026-03-24 17:46:17,045 - httpx - INFO - HTTP Request: POST https://api.telegram.org/bot8392871206:AAGxV445kKZUDQr2pOq6Wt-iIxRFdX47k8M/getUpdates "HTTP/1.1 200 OK"
2026-03-24 17:46:27,141 - httpx - INFO - HTTP Request: POST https://api.telegram.org/bot8392871206:AAGxV445kKZUDQr2pOq6Wt-iIxRFdX47k8M/getUpdates "HTTP/1.1 200 OK"
2026-03-24 17:46:37,232 - httpx - INFO - HTTP Request: POST https://api.telegram.org/bot8392871206:AAGxV445kKZUDQr2pOq6Wt-iIxRFdX47k8M/getUpdates "HTTP/1.1 200 OK"
2026-03-24 17:46:47,320 - httpx - INFO - HTTP Request: POST https://api.telegram.org/bot8392871206:AAGxV445kKZUDQr2pOq6Wt-iIxRFdX47k8M/getUpdates "HTTP/1.1 200 OK"
2026-03-24 17:46:57,410 - httpx - INFO - HTTP Request: POST https://api.telegram.org/bot8392871206:AAGxV445kKZUDQr2pOq6Wt-iIxRFdX47k8M/getUpdates "HTTP/1.1 200 OK"
2026-03-24 17:47:07,567 - httpx - INFO - HTTP Request: POST https://api.telegram.org/bot8392871206:AAGxV445kKZUDQr2pOq6Wt-iIxRFdX47k8M/getUpdates "HTTP/1.1 200 OK"
2026-03-24 17:47:17,691 - httpx - INFO - HTTP Request: POST https://api.telegram.org/bot8392871206:AAGxV445kKZUDQr2pOq6Wt-iIxRFdX47k8M/getUpdates "HTTP/1.1 200 OK"
2026-03-24 17:47:28,197 - httpx - INFO - HTTP Request: POST https://api.telegram.org/bot8392871206:AAGxV445kKZUDQr2pOq6Wt-iIxRFdX47k8M/getUpdates "HTTP/1.1 200 OK"
2026-03-24 17:47:38,346 - httpx - INFO - HTTP Request: POST https://api.telegram.org/bot8392871206:AAGxV445kKZUDQr2pOq6Wt-iIxRFdX47k8M/getUpdates "HTTP/1.1 200 OK"
2026-03-24 17:47:48,446 - httpx - INFO - HTTP Request: POST https://api.telegram.org/bot8392871206:AAGxV445kKZUDQr2pOq6Wt-iIxRFdX47k8M/getUpdates "HTTP/1.1 200 OK"
2026-03-24 17:47:58,580 - httpx - INFO - HTTP Request: POST https://api.telegram.org/bot8392871206:AAGxV445kKZUDQr2pOq6Wt-iIxRFdX47k8M/getUpdates "HTTP/1.1 200 OK"
2026-03-24 17:48:08,692 - httpx - INFO - HTTP Request: POST https://api.telegram.org/bot8392871206:AAGxV445kKZUDQr2pOq6Wt-iIxRFdX47k8M/getUpdates "HTTP/1.1 200 OK"
2026-03-24 17:48:18,792 - httpx - INFO - HTTP Request: POST https://api.telegram.org/bot8392871206:AAGxV445kKZUDQr2pOq6Wt-iIxRFdX47k8M/getUpdates "HTTP/1.1 200 OK"
2026-03-24 17:48:28,893 - httpx - INFO - HTTP Request: POST https://api.telegram.org/bot8392871206:AAGxV445kKZUDQr2pOq6Wt-iIxRFdX47k8M/getUpdates "HTTP/1.1 200 OK"
2026-03-24 17:48:38,996 - httpx - INFO - HTTP Request: POST https://api.telegram.org/bot8392871206:AAGxV445kKZUDQr2pOq6Wt-iIxRFdX47k8M/getUpdates "HTTP/1.1 200 OK"
2026-03-24 17:48:49,631 - httpx - INFO - HTTP Request: POST https://api.telegram.org/bot8392871206:AAGxV445kKZUDQr2pOq6Wt-iIxRFdX47k8M/getUpdates "HTTP/1.1 200 OK"
2026-03-24 17:48:59,764 - httpx - INFO - HTTP Request: POST https://api.telegram.org/bot8392871206:AAGxV445kKZUDQr2pOq6Wt-iIxRFdX47k8M/getUpdates "HTTP/1.1 200 OK"
2026-03-24 17:49:09,855 - httpx - INFO - HTTP Request: POST https://api.telegram.org/bot8392871206:AAGxV445kKZUDQr2pOq6Wt-iIxRFdX47k8M/getUpdates "HTTP/1.1 200 OK"
2026-03-24 17:49:19,945 - httpx - INFO - HTTP Request: POST https://api.telegram.org/bot8392871206:AAGxV445kKZUDQr2pOq6Wt-iIxRFdX47k8M/getUpdates "HTTP/1.1 200 OK"
2026-03-24 17:49:30,036 - httpx - INFO - HTTP Request: POST https://api.telegram.org/bot8392871206:AAGxV445kKZUDQr2pOq6Wt-iIxRFdX47k8M/getUpdates "HTTP/1.1 200 OK"
2026-03-24 17:49:40,126 - httpx - INFO - HTTP Request: POST https://api.telegram.org/bot8392871206:AAGxV445kKZUDQr2pOq6Wt-iIxRFdX47k8M/getUpdates "HTTP/1.1 200 OK"
2026-03-24 17:49:50,217 - httpx - INFO - HTTP Request: POST https://api.telegram.org/bot8392871206:AAGxV445kKZUDQr2pOq6Wt-iIxRFdX47k8M/getUpdates "HTTP/1.1 200 OK"
2026-03-24 17:50:00,710 - httpx - INFO - HTTP Request: POST https://api.telegram.org/bot8392871206:AAGxV445kKZUDQr2pOq6Wt-iIxRFdX47k8M/getUpdates "HTTP/1.1 200 OK"
2026-03-24 17:50:10,806 - httpx - INFO - HTTP Request: POST https://api.telegram.org/bot8392871206:AAGxV445kKZUDQr2pOq6Wt-iIxRFdX47k8M/getUpdates "HTTP/1.1 200 OK"
2026-03-24 17:50:20,897 - httpx - INFO - HTTP Request: POST https://api.telegram.org/bot8392871206:AAGxV445kKZUDQr2pOq6Wt-iIxRFdX47k8M/getUpdates "HTTP/1.1 200 OK"
2026-03-24 17:50:30,982 - httpx - INFO - HTTP Request: POST https://api.telegram.org/bot8392871206:AAGxV445kKZUDQr2pOq6Wt-iIxRFdX47k8M/getUpdates "HTTP/1.1 200 OK"
2026-03-24 17:50:41,082 - httpx - INFO - HTTP Request: POST https://api.telegram.org/bot8392871206:AAGxV445kKZUDQr2pOq6Wt-iIxRFdX47k8M/getUpdates "HTTP/1.1 200 OK"
2026-03-24 17:50:51,172 - httpx - INFO - HTTP Request: POST https://api.telegram.org/bot8392871206:AAGxV445kKZUDQr2pOq6Wt-iIxRFdX47k8M/getUpdates "HTTP/1.1 200 OK"
2026-03-24 17:51:01,266 - httpx - INFO - HTTP Request: POST https://api.telegram.org/bot8392871206:AAGxV445kKZUDQr2pOq6Wt-iIxRFdX47k8M/getUpdates "HTTP/1.1 200 OK"
2026-03-24 17:51:11,355 - httpx - INFO - HTTP Request: POST https://api.telegram.org/bot8392871206:AAGxV445kKZUDQr2pOq6Wt-iIxRFdX47k8M/getUpdates "HTTP/1.1 200 OK"
2026-03-24 17:51:21,488 - httpx - INFO - HTTP Request: POST https://api.telegram.org/bot8392871206:AAGxV445kKZUDQr2pOq6Wt-iIxRFdX47k8M/getUpdates "HTTP/1.1 200 OK"
2026-03-24 17:51:31,583 - httpx - INFO - HTTP Request: POST https://api.telegram.org/bot8392871206:AAGxV445kKZUDQr2pOq6Wt-iIxRFdX47k8M/getUpdates "HTTP/1.1 200 OK"
2026-03-24 17:51:41,671 - httpx - INFO - HTTP Request: POST https://api.telegram.org/bot8392871206:AAGxV445kKZUDQr2pOq6Wt-iIxRFdX47k8M/getUpdates "HTTP/1.1 200 OK"
2026-03-24 17:51:51,793 - httpx - INFO - HTTP Request: POST https://api.telegram.org/bot8392871206:AAGxV445kKZUDQr2pOq6Wt-iIxRFdX47k8M/getUpdates "HTTP/1.1 200 OK"
2026-03-24 17:52:01,879 - httpx - INFO - HTTP Request: POST https://api.telegram.org/bot8392871206:AAGxV445kKZUDQr2pOq6Wt-iIxRFdX47k8M/getUpdates "HTTP/1.1 200 OK"
2026-03-24 17:52:11,968 - httpx - INFO - HTTP Request: POST https://api.telegram.org/bot8392871206:AAGxV445kKZUDQr2pOq6Wt-iIxRFdX47k8M/getUpdates "HTTP/1.1 200 OK"
2026-03-24 17:52:22,058 - httpx - INFO - HTTP Request: POST https://api.telegram.org/bot8392871206:AAGxV445kKZUDQr2pOq6Wt-iIxRFdX47k8M/getUpdates "HTTP/1.1 200 OK"
2026-03-24 17:52:32,175 - httpx - INFO - HTTP Request: POST https://api.telegram.org/bot8392871206:AAGxV445kKZUDQr2pOq6Wt-iIxRFdX47k8M/getUpdates "HTTP/1.1 200 OK"
2026-03-24 17:52:42,262 - httpx - INFO - HTTP Request: POST https://api.telegram.org/bot8392871206:AAGxV445kKZUDQr2pOq6Wt-iIxRFdX47k8M/getUpdates "HTTP/1.1 200 OK"
2026-03-24 17:52:52,580 - httpx - INFO - HTTP Request: POST https://api.telegram.org/bot8392871206:AAGxV445kKZUDQr2pOq6Wt-iIxRFdX47k8M/getUpdates "HTTP/1.1 200 OK"
2026-03-24 17:53:02,670 - httpx - INFO - HTTP Request: POST https://api.telegram.org/bot8392871206:AAGxV445kKZUDQr2pOq6Wt-iIxRFdX47k8M/getUpdates "HTTP/1.1 200 OK"
2026-03-24 17:53:12,793 - httpx - INFO - HTTP Request: POST https://api.telegram.org/bot8392871206:AAGxV445kKZUDQr2pOq6Wt-iIxRFdX47k8M/getUpdates "HTTP/1.1 200 OK"
2026-03-24 17:53:22,880 - httpx - INFO - HTTP Request: POST https://api.telegram.org/bot8392871206:AAGxV445kKZUDQr2pOq6Wt-iIxRFdX47k8M/getUpdates "HTTP/1.1 200 OK"
2026-03-24 17:53:32,973 - httpx - INFO - HTTP Request: POST https://api.telegram.org/bot8392871206:AAGxV445kKZUDQr2pOq6Wt-iIxRFdX47k8M/getUpdates "HTTP/1.1 200 OK"
2026-03-24 17:53:43,065 - httpx - INFO - HTTP Request: POST https://api.telegram.org/bot8392871206:AAGxV445kKZUDQr2pOq6Wt-iIxRFdX47k8M/getUpdates "HTTP/1.1 200 OK"
2026-03-24 17:53:53,158 - httpx - INFO - HTTP Request: POST https://api.telegram.org/bot8392871206:AAGxV445kKZUDQr2pOq6Wt-iIxRFdX47k8M/getUpdates "HTTP/1.1 200 OK"
2026-03-24 17:54:03,256 - httpx - INFO - HTTP Request: POST https://api.telegram.org/bot8392871206:AAGxV445kKZUDQr2pOq6Wt-iIxRFdX47k8M/getUpdates "HTTP/1.1 200 OK"
2026-03-24 17:54:13,346 - httpx - INFO - HTTP Request: POST https://api.telegram.org/bot8392871206:AAGxV445kKZUDQr2pOq6Wt-iIxRFdX47k8M/getUpdates "HTTP/1.1 200 OK"
2026-03-24 17:54:23,449 - httpx - INFO - HTTP Request: POST https://api.telegram.org/bot8392871206:AAGxV445kKZUDQr2pOq6Wt-iIxRFdX47k8M/getUpdates "HTTP/1.1 200 OK"
2026-03-24 17:54:33,563 - httpx - INFO - HTTP Request: POST https://api.telegram.org/bot8392871206:AAGxV445kKZUDQr2pOq6Wt-iIxRFdX47k8M/getUpdates "HTTP/1.1 200 OK"
2026-03-24 17:54:43,649 - httpx - INFO - HTTP Request: POST https://api.telegram.org/bot8392871206:AAGxV445kKZUDQr2pOq6Wt-iIxRFdX47k8M/getUpdates "HTTP/1.1 200 OK"
2026-03-24 17:54:53,738 - httpx - INFO - HTTP Request: POST https://api.telegram.org/bot8392871206:AAGxV445kKZUDQr2pOq6Wt-iIxRFdX47k8M/getUpdates "HTTP/1.1 200 OK"
2026-03-24 17:55:03,822 - httpx - INFO - HTTP Request: POST https://api.telegram.org/bot8392871206:AAGxV445kKZUDQr2pOq6Wt-iIxRFdX47k8M/getUpdates "HTTP/1.1 200 OK"
2026-03-24 17:55:13,906 - httpx - INFO - HTTP Request: POST https://api.telegram.org/bot8392871206:AAGxV445kKZUDQr2pOq6Wt-iIxRFdX47k8M/getUpdates "HTTP/1.1 200 OK"
2026-03-24 17:55:23,990 - httpx - INFO - HTTP Request: POST https://api.telegram.org/bot8392871206:AAGxV445kKZUDQr2pOq6Wt-iIxRFdX47k8M/getUpdates "HTTP/1.1 200 OK"
2026-03-24 17:55:34,085 - httpx - INFO - HTTP Request: POST https://api.telegram.org/bot8392871206:AAGxV445kKZUDQr2pOq6Wt-iIxRFdX47k8M/getUpdates "HTTP/1.1 200 OK"
